<?xml version="1.0" encoding="utf-8"?><testsuites name="pytest tests"><testsuite name="pytest" errors="0" failures="0" skipped="0" tests="17" time="5.324" timestamp="2026-05-20T09:53:31.932611+00:00" hostname="agent-env-be96755e-9069-4a41-9c56-1bc9887d9157"><testcase classname="backend.tests.backend_test" name="test_root" time="0.292" /><testcase classname="backend.tests.backend_test" name="test_login_sets_cookies_and_returns_user" time="0.465" /><testcase classname="backend.tests.backend_test" name="test_login_wrong_password" time="0.441" /><testcase classname="backend.tests.backend_test" name="test_me_with_cookie" time="0.467" /><testcase classname="backend.tests.backend_test" name="test_me_without_auth" time="0.131" /><testcase classname="backend.tests.backend_test" name="test_logout_then_me_unauth" time="0.706" /><testcase classname="backend.tests.backend_test" name="test_public_gallery" time="0.059" /><testcase classname="backend.tests.backend_test" name="test_public_reviews_approved_only" time="0.049" /><testcase classname="backend.tests.backend_test" name="test_contact_create" time="0.093" /><testcase classname="backend.tests.backend_test" name="test_admin_routes_require_auth[/admin/gallery-GET]" time="0.161" /><testcase classname="backend.tests.backend_test" name="test_admin_routes_require_auth[/admin/reviews-GET]" time="0.158" /><testcase classname="backend.tests.backend_test" name="test_admin_routes_require_auth[/admin/messages-GET]" time="0.159" /><testcase classname="backend.tests.backend_test" name="test_admin_routes_require_auth[/admin/stats-GET]" time="0.167" /><testcase classname="backend.tests.backend_test" name="test_admin_stats" time="0.058" /><testcase classname="backend.tests.backend_test" name="test_review_full_crud" time="0.602" /><testcase classname="backend.tests.backend_test" name="test_messages_lifecycle" time="0.280" /><testcase classname="backend.tests.backend_test" name="test_gallery_upload_get_delete" time="0.812" /></testsuite></testsuites>